<?xml version="1.0" encoding="UTF-8"?>
<!-- Generated by org.testng.reporters.JUnitXMLReporter -->
<testsuite ignored="0" hostname="NL_LT_10" failures="0" tests="5" name="Signup Tests" time="58.902" errors="0" timestamp="2026-02-16T13:06:47 IST">
  <testcase classname="tests.SignupPositiveTest" name="signupWithValidData" time="7.736"/>
  <testcase classname="tests.SignupValidationTest" name="verifyInvalidEmailValidation" time="3.892"/>
  <testcase classname="tests.SignupValidationTest" name="verifyInvalidMobileNumberValidation" time="3.429"/>
  <testcase classname="tests.SendReferralPositiveTest" name="verifyUserCanSendReferralSuccessfully" time="8.421"/>
  <testcase classname="tests.SendThankYouNotePositiveTest" name="verifyUserCanSendThankYouNoteSuccessfully" time="7.519"/>
</testsuite> <!-- Signup Tests -->
