<?xml version="1.0" encoding="UTF-8"?>
<!-- Generated by org.testng.reporters.JUnitXMLReporter -->
<testsuite ignored="0" hostname="NL_LT_10" failures="1" tests="7" name="Signup Tests" time="91.098" errors="0" timestamp="2026-03-27T12:45:06 IST">
  <testcase classname="tests.SignupPositiveTest" name="signupWithValidData" time="1.865"/>
  <testcase classname="tests.SendReferralPositiveTest" name="verifyUserCanSendReferralSuccessfully" time="7.252"/>
  <testcase classname="tests.MemberMeetingPositiveTest" name="verifyUserCanScheduleMemberMeetingSuccessfully" time="17.357">
    <failure type="java.lang.AssertionError" message="Meeting should be scheduled successfully expected [true] but found [false]">
      <![CDATA[java.lang.AssertionError: Meeting should be scheduled successfully expected [true] but found [false]
at tests.MemberMeetingPositiveTest.verifyUserCanScheduleMemberMeetingSuccessfully(MemberMeetingPositiveTest.java:56)
at java.base/java.util.ArrayList.forEach(ArrayList.java:1511)
... Removed 32 stack frames]]>
    </failure>
  </testcase> <!-- verifyUserCanScheduleMemberMeetingSuccessfully -->
  <testcase classname="tests.ChapterAdminCreateEventTest" name="chapterAdminShouldCreateEventSuccessfully" time="10.59"/>
  <testcase classname="tests.CreatePostTest" name="userCreatePostSuccessfully" time="3.927"/>
  <testcase classname="tests.ChapterAdminCreateMeetingTest" name="chapterAdminShouldScheduleMeetingSuccessfully" time="7.99"/>
  <testcase classname="tests.CreateTrainingTest" name="chapterAdminShouldCreateTrainingSuccessfully" time="8.632"/>
</testsuite> <!-- Signup Tests -->
