<?xml version="1.0" encoding="UTF-8"?>
<testng-results ignored="0" total="7" passed="6" failed="1" skipped="0">
  <reporter-output>
  </reporter-output>
  <suite started-at="2026-03-27T12:43:34 IST" name="Automation Suite" finished-at="2026-03-27T12:45:05 IST" duration-ms="91098">
    <groups>
    </groups>
    <test started-at="2026-03-27T12:43:34 IST" name="Signup Tests" finished-at="2026-03-27T12:45:05 IST" duration-ms="91098">
      <class name="tests.MemberMeetingPositiveTest">
        <test-method is-config="true" signature="setUp()[pri:0, instance:tests.MemberMeetingPositiveTest@6b695b06]" started-at="2026-03-27T12:43:56 IST" name="setUp" finished-at="2026-03-27T12:44:00 IST" duration-ms="3476" status="PASS">
          <reporter-output>
          </reporter-output>
        </test-method> <!-- setUp -->
        <test-method signature="verifyUserCanScheduleMemberMeetingSuccessfully()[pri:0, instance:tests.MemberMeetingPositiveTest@6b695b06]" started-at="2026-03-27T12:44:00 IST" name="verifyUserCanScheduleMemberMeetingSuccessfully" finished-at="2026-03-27T12:44:17 IST" duration-ms="17357" status="FAIL">
          <exception class="java.lang.AssertionError">
            <message>
              <![CDATA[Meeting should be scheduled successfully expected [true] but found [false]]]>
            </message>
            <full-stacktrace>
              <![CDATA[java.lang.AssertionError: Meeting should be scheduled successfully expected [true] but found [false]
at org.testng.Assert.fail(Assert.java:111)
at org.testng.Assert.failNotEquals(Assert.java:1578)
at org.testng.Assert.assertTrue(Assert.java:57)
at tests.MemberMeetingPositiveTest.verifyUserCanScheduleMemberMeetingSuccessfully(MemberMeetingPositiveTest.java:56)
at java.base/jdk.internal.reflect.DirectMethodHandleAccessor.invoke(DirectMethodHandleAccessor.java:104)
at java.base/java.lang.reflect.Method.invoke(Method.java:578)
at org.testng.internal.invokers.MethodInvocationHelper.invokeMethod(MethodInvocationHelper.java:139)
at org.testng.internal.invokers.TestInvoker.invokeMethod(TestInvoker.java:664)
at org.testng.internal.invokers.TestInvoker.invokeTestMethod(TestInvoker.java:228)
at org.testng.internal.invokers.MethodRunner.runInSequence(MethodRunner.java:63)
at org.testng.internal.invokers.TestInvoker$MethodInvocationAgent.invoke(TestInvoker.java:961)
at org.testng.internal.invokers.TestInvoker.invokeTestMethods(TestInvoker.java:201)
at org.testng.internal.invokers.TestMethodWorker.invokeTestMethods(TestMethodWorker.java:148)
at org.testng.internal.invokers.TestMethodWorker.run(TestMethodWorker.java:128)
at java.base/java.util.ArrayList.forEach(ArrayList.java:1511)
at org.testng.TestRunner.privateRun(TestRunner.java:819)
at org.testng.TestRunner.run(TestRunner.java:619)
at org.testng.SuiteRunner.runTest(SuiteRunner.java:443)
at org.testng.SuiteRunner.runSequentially(SuiteRunner.java:437)
at org.testng.SuiteRunner.privateRun(SuiteRunner.java:397)
at org.testng.SuiteRunner.run(SuiteRunner.java:336)
at org.testng.SuiteRunnerWorker.runSuite(SuiteRunnerWorker.java:52)
at org.testng.SuiteRunnerWorker.run(SuiteRunnerWorker.java:95)
at org.testng.TestNG.runSuitesSequentially(TestNG.java:1301)
at org.testng.TestNG.runSuitesLocally(TestNG.java:1228)
at org.testng.TestNG.runSuites(TestNG.java:1134)
at org.testng.TestNG.run(TestNG.java:1101)
at org.apache.maven.surefire.testng.TestNGExecutor.run(TestNGExecutor.java:308)
at org.apache.maven.surefire.testng.TestNGXmlTestSuite.execute(TestNGXmlTestSuite.java:71)
at org.apache.maven.surefire.testng.TestNGProvider.invoke(TestNGProvider.java:113)
at org.apache.maven.surefire.booter.ForkedBooter.runSuitesInProcess(ForkedBooter.java:385)
at org.apache.maven.surefire.booter.ForkedBooter.execute(ForkedBooter.java:162)
at org.apache.maven.surefire.booter.ForkedBooter.run(ForkedBooter.java:507)
at org.apache.maven.surefire.booter.ForkedBooter.main(ForkedBooter.java:495)
]]>
            </full-stacktrace>
          </exception> <!-- java.lang.AssertionError -->
          <reporter-output>
          </reporter-output>
        </test-method> <!-- verifyUserCanScheduleMemberMeetingSuccessfully -->
        <test-method is-config="true" signature="tearDown()[pri:0, instance:tests.MemberMeetingPositiveTest@6b695b06]" started-at="2026-03-27T12:44:17 IST" name="tearDown" finished-at="2026-03-27T12:44:17 IST" duration-ms="393" status="PASS">
          <reporter-output>
          </reporter-output>
        </test-method> <!-- tearDown -->
      </class> <!-- tests.MemberMeetingPositiveTest -->
      <class name="tests.CreateTrainingTest">
        <test-method is-config="true" signature="setUp()[pri:0, instance:tests.CreateTrainingTest@7d900ecf]" started-at="2026-03-27T12:44:52 IST" name="setUp" finished-at="2026-03-27T12:44:56 IST" duration-ms="3517" status="PASS">
          <reporter-output>
          </reporter-output>
        </test-method> <!-- setUp -->
        <test-method signature="chapterAdminShouldCreateTrainingSuccessfully()[pri:0, instance:tests.CreateTrainingTest@7d900ecf]" started-at="2026-03-27T12:44:56 IST" name="chapterAdminShouldCreateTrainingSuccessfully" finished-at="2026-03-27T12:45:05 IST" duration-ms="8632" status="PASS">
          <reporter-output>
          </reporter-output>
        </test-method> <!-- chapterAdminShouldCreateTrainingSuccessfully -->
        <test-method is-config="true" signature="tearDown()[pri:0, instance:tests.CreateTrainingTest@7d900ecf]" started-at="2026-03-27T12:45:05 IST" name="tearDown" finished-at="2026-03-27T12:45:05 IST" duration-ms="484" status="PASS">
          <reporter-output>
          </reporter-output>
        </test-method> <!-- tearDown -->
      </class> <!-- tests.CreateTrainingTest -->
      <class name="tests.ChapterAdminCreateEventTest">
        <test-method is-config="true" signature="setUp()[pri:0, instance:tests.ChapterAdminCreateEventTest@4d1bf319]" started-at="2026-03-27T12:44:17 IST" name="setUp" finished-at="2026-03-27T12:44:21 IST" duration-ms="3723" status="PASS">
          <reporter-output>
          </reporter-output>
        </test-method> <!-- setUp -->
        <test-method signature="chapterAdminShouldCreateEventSuccessfully()[pri:0, instance:tests.ChapterAdminCreateEventTest@4d1bf319]" started-at="2026-03-27T12:44:21 IST" name="chapterAdminShouldCreateEventSuccessfully" finished-at="2026-03-27T12:44:32 IST" duration-ms="10590" status="PASS">
          <reporter-output>
          </reporter-output>
        </test-method> <!-- chapterAdminShouldCreateEventSuccessfully -->
        <test-method is-config="true" signature="tearDown()[pri:0, instance:tests.ChapterAdminCreateEventTest@4d1bf319]" started-at="2026-03-27T12:44:32 IST" name="tearDown" finished-at="2026-03-27T12:44:32 IST" duration-ms="489" status="PASS">
          <reporter-output>
          </reporter-output>
        </test-method> <!-- tearDown -->
      </class> <!-- tests.ChapterAdminCreateEventTest -->
      <class name="tests.SendReferralPositiveTest">
        <test-method is-config="true" signature="setUp()[pri:0, instance:tests.SendReferralPositiveTest@4f32a3ad]" started-at="2026-03-27T12:43:44 IST" name="setUp" finished-at="2026-03-27T12:43:48 IST" duration-ms="3921" status="PASS">
          <reporter-output>
          </reporter-output>
        </test-method> <!-- setUp -->
        <test-method signature="verifyUserCanSendReferralSuccessfully()[pri:0, instance:tests.SendReferralPositiveTest@4f32a3ad]" started-at="2026-03-27T12:43:48 IST" name="verifyUserCanSendReferralSuccessfully" finished-at="2026-03-27T12:43:56 IST" duration-ms="7252" status="PASS">
          <reporter-output>
          </reporter-output>
        </test-method> <!-- verifyUserCanSendReferralSuccessfully -->
        <test-method is-config="true" signature="tearDown()[pri:0, instance:tests.SendReferralPositiveTest@4f32a3ad]" started-at="2026-03-27T12:43:56 IST" name="tearDown" finished-at="2026-03-27T12:43:56 IST" duration-ms="432" status="PASS">
          <reporter-output>
          </reporter-output>
        </test-method> <!-- tearDown -->
      </class> <!-- tests.SendReferralPositiveTest -->
      <class name="tests.CreatePostTest">
        <test-method is-config="true" signature="setUp()[pri:0, instance:tests.CreatePostTest@6f53b8a]" started-at="2026-03-27T12:44:32 IST" name="setUp" finished-at="2026-03-27T12:44:36 IST" duration-ms="3688" status="PASS">
          <reporter-output>
          </reporter-output>
        </test-method> <!-- setUp -->
        <test-method signature="userCreatePostSuccessfully()[pri:0, instance:tests.CreatePostTest@6f53b8a]" started-at="2026-03-27T12:44:36 IST" name="userCreatePostSuccessfully" finished-at="2026-03-27T12:44:40 IST" duration-ms="3927" status="PASS">
          <reporter-output>
          </reporter-output>
        </test-method> <!-- userCreatePostSuccessfully -->
        <test-method is-config="true" signature="tearDown()[pri:0, instance:tests.CreatePostTest@6f53b8a]" started-at="2026-03-27T12:44:40 IST" name="tearDown" finished-at="2026-03-27T12:44:40 IST" duration-ms="574" status="PASS">
          <reporter-output>
          </reporter-output>
        </test-method> <!-- tearDown -->
      </class> <!-- tests.CreatePostTest -->
      <class name="tests.ChapterAdminCreateMeetingTest">
        <test-method is-config="true" signature="setUp()[pri:0, instance:tests.ChapterAdminCreateMeetingTest@5c80cf32]" started-at="2026-03-27T12:44:40 IST" name="setUp" finished-at="2026-03-27T12:44:44 IST" duration-ms="3585" status="PASS">
          <reporter-output>
          </reporter-output>
        </test-method> <!-- setUp -->
        <test-method signature="chapterAdminShouldScheduleMeetingSuccessfully()[pri:0, instance:tests.ChapterAdminCreateMeetingTest@5c80cf32]" started-at="2026-03-27T12:44:44 IST" name="chapterAdminShouldScheduleMeetingSuccessfully" finished-at="2026-03-27T12:44:52 IST" duration-ms="7990" status="PASS">
          <reporter-output>
          </reporter-output>
        </test-method> <!-- chapterAdminShouldScheduleMeetingSuccessfully -->
        <test-method is-config="true" signature="tearDown()[pri:0, instance:tests.ChapterAdminCreateMeetingTest@5c80cf32]" started-at="2026-03-27T12:44:52 IST" name="tearDown" finished-at="2026-03-27T12:44:52 IST" duration-ms="533" status="PASS">
          <reporter-output>
          </reporter-output>
        </test-method> <!-- tearDown -->
      </class> <!-- tests.ChapterAdminCreateMeetingTest -->
      <class name="tests.SignupPositiveTest">
        <test-method is-config="true" signature="setUp()[pri:0, instance:tests.SignupPositiveTest@2b40ff9c]" started-at="2026-03-27T12:43:34 IST" name="setUp" finished-at="2026-03-27T12:43:42 IST" duration-ms="8121" status="PASS">
          <reporter-output>
          </reporter-output>
        </test-method> <!-- setUp -->
        <test-method signature="signupWithValidData(java.lang.String,java.lang.String,java.lang.String,java.lang.String,java.lang.String)[pri:0, instance:tests.SignupPositiveTest@2b40ff9c]" started-at="2026-03-27T12:43:42 IST" name="signupWithValidData" data-provider="validSignupData" finished-at="2026-03-27T12:43:44 IST" duration-ms="1865" status="PASS">
          <params>
            <param index="0">
              <value>
                <![CDATA[jack]]>
              </value>
            </param>
            <param index="1">
              <value>
                <![CDATA[Sparrow]]>
              </value>
            </param>
            <param index="2">
              <value>
                <![CDATA[user_1774595614519@testmail.com]]>
              </value>
            </param>
            <param index="3">
              <value>
                <![CDATA[9595614519]]>
              </value>
            </param>
            <param index="4">
              <value>
                <![CDATA[5]]>
              </value>
            </param>
          </params>
          <reporter-output>
          </reporter-output>
        </test-method> <!-- signupWithValidData -->
        <test-method is-config="true" signature="tearDown()[pri:0, instance:tests.SignupPositiveTest@2b40ff9c]" started-at="2026-03-27T12:43:44 IST" name="tearDown" finished-at="2026-03-27T12:43:44 IST" duration-ms="448" status="PASS">
          <reporter-output>
          </reporter-output>
        </test-method> <!-- tearDown -->
      </class> <!-- tests.SignupPositiveTest -->
    </test> <!-- Signup Tests -->
  </suite> <!-- Automation Suite -->
</testng-results>
