<?xml version="1.0" encoding="UTF-8"?>
<testng-results ignored="0" total="5" passed="5" failed="0" skipped="0">
  <reporter-output>
  </reporter-output>
  <suite started-at="2026-02-16T13:05:48 IST" name="Automation Suite" finished-at="2026-02-16T13:06:47 IST" duration-ms="58902">
    <groups>
    </groups>
    <test started-at="2026-02-16T13:05:48 IST" name="Signup Tests" finished-at="2026-02-16T13:06:47 IST" duration-ms="58902">
      <class name="tests.SignupValidationTest">
        <test-method is-config="true" signature="setUp()[pri:0, instance:tests.SignupValidationTest@5a59ca5e]" started-at="2026-02-16T13:06:03 IST" name="setUp" finished-at="2026-02-16T13:06:08 IST" duration-ms="4920" status="PASS">
          <reporter-output>
          </reporter-output>
        </test-method> <!-- setUp -->
        <test-method signature="verifyInvalidEmailValidation()[pri:0, instance:tests.SignupValidationTest@5a59ca5e]" started-at="2026-02-16T13:06:08 IST" name="verifyInvalidEmailValidation" finished-at="2026-02-16T13:06:12 IST" duration-ms="3892" status="PASS">
          <reporter-output>
          </reporter-output>
        </test-method> <!-- verifyInvalidEmailValidation -->
        <test-method is-config="true" signature="tearDown()[pri:0, instance:tests.SignupValidationTest@5a59ca5e]" started-at="2026-02-16T13:06:12 IST" name="tearDown" finished-at="2026-02-16T13:06:12 IST" duration-ms="438" status="PASS">
          <reporter-output>
          </reporter-output>
        </test-method> <!-- tearDown -->
        <test-method is-config="true" signature="setUp()[pri:0, instance:tests.SignupValidationTest@5a59ca5e]" started-at="2026-02-16T13:06:12 IST" name="setUp" finished-at="2026-02-16T13:06:16 IST" duration-ms="4105" status="PASS">
          <reporter-output>
          </reporter-output>
        </test-method> <!-- setUp -->
        <test-method signature="verifyInvalidMobileNumberValidation()[pri:0, instance:tests.SignupValidationTest@5a59ca5e]" started-at="2026-02-16T13:06:16 IST" name="verifyInvalidMobileNumberValidation" finished-at="2026-02-16T13:06:20 IST" duration-ms="3429" status="PASS">
          <reporter-output>
          </reporter-output>
        </test-method> <!-- verifyInvalidMobileNumberValidation -->
        <test-method is-config="true" signature="tearDown()[pri:0, instance:tests.SignupValidationTest@5a59ca5e]" started-at="2026-02-16T13:06:20 IST" name="tearDown" finished-at="2026-02-16T13:06:20 IST" duration-ms="435" status="PASS">
          <reporter-output>
          </reporter-output>
        </test-method> <!-- tearDown -->
      </class> <!-- tests.SignupValidationTest -->
      <class name="tests.SendThankYouNotePositiveTest">
        <test-method is-config="true" signature="setUp()[pri:0, instance:tests.SendThankYouNotePositiveTest@6c4906d3]" started-at="2026-02-16T13:06:34 IST" name="setUp" finished-at="2026-02-16T13:06:39 IST" duration-ms="4913" status="PASS">
          <reporter-output>
          </reporter-output>
        </test-method> <!-- setUp -->
        <test-method signature="verifyUserCanSendThankYouNoteSuccessfully()[pri:0, instance:tests.SendThankYouNotePositiveTest@6c4906d3]" started-at="2026-02-16T13:06:39 IST" name="verifyUserCanSendThankYouNoteSuccessfully" finished-at="2026-02-16T13:06:46 IST" duration-ms="7519" status="PASS">
          <reporter-output>
          </reporter-output>
        </test-method> <!-- verifyUserCanSendThankYouNoteSuccessfully -->
        <test-method is-config="true" signature="tearDown()[pri:0, instance:tests.SendThankYouNotePositiveTest@6c4906d3]" started-at="2026-02-16T13:06:46 IST" name="tearDown" finished-at="2026-02-16T13:06:47 IST" duration-ms="417" status="PASS">
          <reporter-output>
          </reporter-output>
        </test-method> <!-- tearDown -->
      </class> <!-- tests.SendThankYouNotePositiveTest -->
      <class name="tests.SendReferralPositiveTest">
        <test-method is-config="true" signature="setUp()[pri:0, instance:tests.SendReferralPositiveTest@4bdeaabb]" started-at="2026-02-16T13:06:20 IST" name="setUp" finished-at="2026-02-16T13:06:25 IST" duration-ms="4771" status="PASS">
          <reporter-output>
          </reporter-output>
        </test-method> <!-- setUp -->
        <test-method signature="verifyUserCanSendReferralSuccessfully()[pri:0, instance:tests.SendReferralPositiveTest@4bdeaabb]" started-at="2026-02-16T13:06:25 IST" name="verifyUserCanSendReferralSuccessfully" finished-at="2026-02-16T13:06:33 IST" duration-ms="8421" status="PASS">
          <reporter-output>
          </reporter-output>
        </test-method> <!-- verifyUserCanSendReferralSuccessfully -->
        <test-method is-config="true" signature="tearDown()[pri:0, instance:tests.SendReferralPositiveTest@4bdeaabb]" started-at="2026-02-16T13:06:33 IST" name="tearDown" finished-at="2026-02-16T13:06:34 IST" duration-ms="399" status="PASS">
          <reporter-output>
          </reporter-output>
        </test-method> <!-- tearDown -->
      </class> <!-- tests.SendReferralPositiveTest -->
      <class name="tests.SignupPositiveTest">
        <test-method is-config="true" signature="setUp()[pri:0, instance:tests.SignupPositiveTest@7c137fd5]" started-at="2026-02-16T13:05:48 IST" name="setUp" finished-at="2026-02-16T13:05:55 IST" duration-ms="6942" status="PASS">
          <reporter-output>
          </reporter-output>
        </test-method> <!-- setUp -->
        <test-method signature="signupWithValidData(java.lang.String,java.lang.String,java.lang.String,java.lang.String,java.lang.String)[pri:0, instance:tests.SignupPositiveTest@7c137fd5]" started-at="2026-02-16T13:05:55 IST" name="signupWithValidData" data-provider="validSignupData" finished-at="2026-02-16T13:06:02 IST" duration-ms="7736" status="PASS">
          <params>
            <param index="0">
              <value>
                <![CDATA[jack]]>
              </value>
            </param>
            <param index="1">
              <value>
                <![CDATA[Sparrow]]>
              </value>
            </param>
            <param index="2">
              <value>
                <![CDATA[user_1771227348151@testmail.com]]>
              </value>
            </param>
            <param index="3">
              <value>
                <![CDATA[9227348151]]>
              </value>
            </param>
            <param index="4">
              <value>
                <![CDATA[5]]>
              </value>
            </param>
          </params>
          <reporter-output>
          </reporter-output>
        </test-method> <!-- signupWithValidData -->
        <test-method is-config="true" signature="tearDown()[pri:0, instance:tests.SignupPositiveTest@7c137fd5]" started-at="2026-02-16T13:06:02 IST" name="tearDown" finished-at="2026-02-16T13:06:03 IST" duration-ms="498" status="PASS">
          <reporter-output>
          </reporter-output>
        </test-method> <!-- tearDown -->
      </class> <!-- tests.SignupPositiveTest -->
    </test> <!-- Signup Tests -->
  </suite> <!-- Automation Suite -->
</testng-results>
