<?xml version="1.0" encoding="UTF-8"?>
<!-- Generated by org.testng.reporters.JUnitReportReporter -->
<testsuite hostname="NL_LT_10" failures="0" tests="2" name="tests.SignupValidationTest" time="17.219" errors="0" timestamp="2026-02-16T13:06:47 IST" skipped="0">
  <testcase classname="tests.SignupValidationTest" name="verifyInvalidMobileNumberValidation" time="7.972"/>
  <testcase classname="tests.SignupValidationTest" name="verifyInvalidEmailValidation" time="9.247"/>
</testsuite> <!-- tests.SignupValidationTest -->
